#
# There is insufficient memory for the Java Runtime Environment to continue.
# Native memory allocation (malloc) failed to allocate 32744 bytes for ChunkPool::allocate
# Possible reasons:
#   The system is out of physical RAM or swap space
#   In 32 bit mode, the process size limit was hit
# Possible solutions:
#   Reduce memory load on the system
#   Increase physical memory or swap space
#   Check if swap backing store is full
#   Use 64 bit Java on a 64 bit OS
#   Decrease Java heap size (-Xmx/-Xms)
#   Decrease number of Java threads
#   Decrease Java thread stack sizes (-Xss)
#   Set larger code cache with -XX:ReservedCodeCacheSize=
# This output file may be truncated or incomplete.
#
#  Out of Memory Error (allocation.cpp:222), pid=820, tid=5724
#
# JRE version: 7.0_11-b21
# Java VM: Java HotSpot(TM) 64-Bit Server VM (23.6-b04 mixed mode windows-amd64 compressed oops)
# Failed to write core dump. Minidumps are not enabled by default on client versions of Windows
#

---------------  T H R E A D  ---------------

Current thread (0x0000000009fcb000):  JavaThread "C2 CompilerThread0" daemon [_thread_in_native, id=5724, stack(0x000000000a7c0000,0x000000000a8c0000)]

Stack: [0x000000000a7c0000,0x000000000a8c0000]

Current CompileTask:
C2:3328447 1134             sun.nio.ch.Util::offerFirstTemporaryDirectBuffer (41 bytes)


---------------  P R O C E S S  ---------------

Java Threads: ( => current thread )
  0x000000000cb54000 JavaThread "RubyThread-259: c:/jruby-1.7.2/lib/ruby/1.9/webrick/server.rb:103" daemon [_thread_in_native, id=6656, stack(0x000000000edd0000,0x000000000efd0000)]
  0x000000000cb4f000 JavaThread "RubyThread-258: c:/jruby-1.7.2/lib/ruby/1.9/webrick/server.rb:103" daemon [_thread_in_native, id=3756, stack(0x000000000ebd0000,0x000000000edd0000)]
  0x000000000cb52800 JavaThread "RubyThread-257: c:/jruby-1.7.2/lib/ruby/1.9/webrick/server.rb:103" daemon [_thread_in_native, id=5548, stack(0x000000000e9d0000,0x000000000ebd0000)]
  0x000000000cb51000 JavaThread "RubyThread-256: c:/jruby-1.7.2/lib/ruby/1.9/webrick/server.rb:103" daemon [_thread_in_native, id=6980, stack(0x000000000e7d0000,0x000000000e9d0000)]
  0x000000000cb50800 JavaThread "RubyThread-255: c:/jruby-1.7.2/lib/ruby/1.9/webrick/server.rb:103" daemon [_thread_in_native, id=48, stack(0x000000000e5d0000,0x000000000e7d0000)]
  0x000000000cb53800 JavaThread "RubyThread-254: c:/jruby-1.7.2/lib/ruby/1.9/webrick/server.rb:103" daemon [_thread_in_native, id=3912, stack(0x000000000e1d0000,0x000000000e3d0000)]
  0x000000000c84d000 JavaThread "RubyThread-4: c:/jruby-1.7.2/lib/ruby/1.9/webrick/utils.rb:175" daemon [_thread_blocked, id=5952, stack(0x000000000e3d0000,0x000000000e5d0000)]
  0x000000000cb07000 JavaThread "JRubyJIT-2" daemon [_thread_blocked, id=3836, stack(0x000000000dfd0000,0x000000000e1d0000)]
  0x000000000ce50800 JavaThread "JRubyJIT-1" daemon [_thread_blocked, id=6528, stack(0x000000000ddd0000,0x000000000dfd0000)]
  0x0000000009fd2000 JavaThread "Service Thread" daemon [_thread_blocked, id=2508, stack(0x000000000a9c0000,0x000000000abc0000)]
  0x0000000009fcd000 JavaThread "C2 CompilerThread1" daemon [_thread_blocked, id=2040, stack(0x000000000a8c0000,0x000000000a9c0000)]
=>0x0000000009fcb000 JavaThread "C2 CompilerThread0" daemon [_thread_in_native, id=5724, stack(0x000000000a7c0000,0x000000000a8c0000)]
  0x0000000009fca000 JavaThread "Attach Listener" daemon [_thread_blocked, id=6948, stack(0x000000000a5c0000,0x000000000a7c0000)]
  0x0000000009fc5000 JavaThread "Signal Dispatcher" daemon [_thread_blocked, id=2244, stack(0x000000000a3c0000,0x000000000a5c0000)]
  0x0000000007ccb000 JavaThread "Finalizer" daemon [_thread_blocked, id=6004, stack(0x0000000009dc0000,0x0000000009fc0000)]
  0x0000000007cc1800 JavaThread "Reference Handler" daemon [_thread_blocked, id=3248, stack(0x0000000009bc0000,0x0000000009dc0000)]
  0x000000000271e800 JavaThread "main" [_thread_in_native, id=6940, stack(0x0000000002870000,0x0000000002a70000)]

Other Threads:
  0x0000000007cbd000 VMThread [stack: 0x0000000009ac0000,0x0000000009bc0000] [id=416]
  0x0000000009ffb800 WatcherThread [stack: 0x000000000abc0000,0x000000000acc0000] [id=4484]

VM state:not at safepoint (normal execution)

VM Mutex/Monitor currently owned by a thread: None

Heap
 PSYoungGen      total 60224K, used 14827K [0x00000000f5960000, 0x00000000fa510000, 0x0000000100000000)
  eden space 44480K, 23% used [0x00000000f5960000,0x00000000f63c0e58,0x00000000f84d0000)
  from space 15744K, 26% used [0x00000000f95b0000,0x00000000f99ca020,0x00000000fa510000)
  to   space 16512K, 0% used [0x00000000f84d0000,0x00000000f84d0000,0x00000000f94f0000)
 ParOldGen       total 130688K, used 23131K [0x00000000e0c00000, 0x00000000e8ba0000, 0x00000000f5960000)
  object space 130688K, 17% used [0x00000000e0c00000,0x00000000e2296c40,0x00000000e8ba0000)
 PSPermGen       total 27968K, used 27781K [0x00000000dba00000, 0x00000000dd550000, 0x00000000e0c00000)
  object space 27968K, 99% used [0x00000000dba00000,0x00000000dd521418,0x00000000dd550000)

Card table byte_map: [0x0000000005b30000,0x0000000005c60000] byte_map_base: 0x0000000005453000

Polling page: 0x0000000000ee0000

Code Cache  [0x0000000002a70000, 0x0000000002d50000, 0x0000000005a70000)
 total_blobs=1553 nmethods=1081 adapters=422 free_code_cache=46307Kb largest_free_block=47360704

Compilation events (10 events):
Event: 3321.651 Thread 0x0000000009fcd000 nmethod 1129 0x0000000002d36d50 code [0x0000000002d36e80, 0x0000000002d36ed8]
Event: 3321.653 Thread 0x0000000009fcb000 1130             org.jruby.runtime.scope.ManyVarsDynamicScope::getValueOneDepthZeroOrNil (25 bytes)
Event: 3321.653 Thread 0x0000000009fcb000 nmethod 1130 0x0000000002d36ad0 code [0x0000000002d36c00, 0x0000000002d36c98]
Event: 3321.735 Thread 0x0000000009fcd000 1131             org.jruby.RubySymbol::asJavaString (5 bytes)
Event: 3321.736 Thread 0x0000000009fcd000 nmethod 1131 0x0000000002d3db90 code [0x0000000002d3dcc0, 0x0000000002d3dd18]
Event: 3322.297 Thread 0x0000000009fcb000 1132             java.util.HashMap$Values::iterator (8 bytes)
Event: 3322.301 Thread 0x0000000009fcb000 nmethod 1132 0x0000000002d41990 code [0x0000000002d41ae0, 0x0000000002d41db8]
Event: 3324.029 Thread 0x0000000009fcd000 1133             java.lang.Math::round (20 bytes)
Event: 3324.030 Thread 0x0000000009fcd000 nmethod 1133 0x0000000002d40e50 code [0x0000000002d40fe0, 0x0000000002d410f8]
Event: 3327.799 Thread 0x0000000009fcb000 1134             sun.nio.ch.Util::offerFirstTemporaryDirectBuffer (41 bytes)

GC Heap History (10 events):
Event: 102.048 GC heap before
{Heap before GC invocations=4 (full 0):
 PSYoungGen      total 57152K, used 57149K [0x00000000f5960000, 0x00000000f9920000, 0x0000000100000000)
  eden space 49024K, 100% used [0x00000000f5960000,0x00000000f8940000,0x00000000f8940000)
  from space 8128K, 99% used [0x00000000f8940000,0x00000000f912f498,0x00000000f9130000)
  to   space 8128K, 0% used [0x00000000f9130000,0x00000000f9130000,0x00000000f9920000)
 ParOldGen       total 130688K, used 12928K [0x00000000e0c00000, 0x00000000e8ba0000, 0x00000000f5960000)
  object space 130688K, 9% used [0x00000000e0c00000,0x00000000e18a0368,0x00000000e8ba0000)
 PSPermGen       total 27584K, used 27408K [0x00000000dba00000, 0x00000000dd4f0000, 0x00000000e0c00000)
  object space 27584K, 99% used [0x00000000dba00000,0x00000000dd4c4348,0x00000000dd4f0000)
Event: 102.060 GC heap after
Heap after GC invocations=4 (full 0):
 PSYoungGen      total 57152K, used 8109K [0x00000000f5960000, 0x00000000f9920000, 0x0000000100000000)
  eden space 49024K, 0% used [0x00000000f5960000,0x00000000f5960000,0x00000000f8940000)
  from space 8128K, 99% used [0x00000000f9130000,0x00000000f991b488,0x00000000f9920000)
  to   space 8128K, 0% used [0x00000000f8940000,0x00000000f8940000,0x00000000f9130000)
 ParOldGen       total 130688K, used 13892K [0x00000000e0c00000, 0x00000000e8ba0000, 0x00000000f5960000)
  object space 130688K, 10% used [0x00000000e0c00000,0x00000000e1991198,0x00000000e8ba0000)
 PSPermGen       total 27584K, used 27408K [0x00000000dba00000, 0x00000000dd4f0000, 0x00000000e0c00000)
  object space 27584K, 99% used [0x00000000dba00000,0x00000000dd4c4348,0x00000000dd4f0000)
}
Event: 480.810 GC heap before
{Heap before GC invocations=5 (full 0):
 PSYoungGen      total 57152K, used 57133K [0x00000000f5960000, 0x00000000f9920000, 0x0000000100000000)
  eden space 49024K, 100% used [0x00000000f5960000,0x00000000f8940000,0x00000000f8940000)
  from space 8128K, 99% used [0x00000000f9130000,0x00000000f991b488,0x00000000f9920000)
  to   space 8128K, 0% used [0x00000000f8940000,0x00000000f8940000,0x00000000f9130000)
 ParOldGen       total 130688K, used 13892K [0x00000000e0c00000, 0x00000000e8ba0000, 0x00000000f5960000)
  object space 130688K, 10% used [0x00000000e0c00000,0x00000000e1991198,0x00000000e8ba0000)
 PSPermGen       total 27584K, used 27530K [0x00000000dba00000, 0x00000000dd4f0000, 0x00000000e0c00000)
  object space 27584K, 99% used [0x00000000dba00000,0x00000000dd4e2aa8,0x00000000dd4f0000)
Event: 480.821 GC heap after
Heap after GC invocations=5 (full 0):
 PSYoungGen      total 55936K, used 8106K [0x00000000f5960000, 0x00000000fa590000, 0x0000000100000000)
  eden space 47808K, 0% used [0x00000000f5960000,0x00000000f5960000,0x00000000f8810000)
  from space 8128K, 99% used [0x00000000f8940000,0x00000000f912a950,0x00000000f9130000)
  to   space 15104K, 0% used [0x00000000f96d0000,0x00000000f96d0000,0x00000000fa590000)
 ParOldGen       total 130688K, used 15032K [0x00000000e0c00000, 0x00000000e8ba0000, 0x00000000f5960000)
  object space 130688K, 11% used [0x00000000e0c00000,0x00000000e1aae378,0x00000000e8ba0000)
 PSPermGen       total 27584K, used 27530K [0x00000000dba00000, 0x00000000dd4f0000, 0x00000000e0c00000)
  object space 27584K, 99% used [0x00000000dba00000,0x00000000dd4e2aa8,0x00000000dd4f0000)
}
Event: 1145.260 GC heap before
{Heap before GC invocations=6 (full 0):
 PSYoungGen      total 55936K, used 55914K [0x00000000f5960000, 0x00000000fa590000, 0x0000000100000000)
  eden space 47808K, 100% used [0x00000000f5960000,0x00000000f8810000,0x00000000f8810000)
  from space 8128K, 99% used [0x00000000f8940000,0x00000000f912a950,0x00000000f9130000)
  to   space 15104K, 0% used [0x00000000f96d0000,0x00000000f96d0000,0x00000000fa590000)
 ParOldGen       total 130688K, used 15032K [0x00000000e0c00000, 0x00000000e8ba0000, 0x00000000f5960000)
  object space 130688K, 11% used [0x00000000e0c00000,0x00000000e1aae378,0x00000000e8ba0000)
 PSPermGen       total 27776K, used 27631K [0x00000000dba00000, 0x00000000dd520000, 0x00000000e0c00000)
  object space 27776K, 99% used [0x00000000dba00000,0x00000000dd4fbe00,0x00000000dd520000)
Event: 1145.291 GC heap after
Heap after GC invocations=6 (full 0):
 PSYoungGen      total 60224K, used 9290K [0x00000000f5960000, 0x00000000fa410000, 0x0000000100000000)
  eden space 46656K, 0% used [0x00000000f5960000,0x00000000f5960000,0x00000000f86f0000)
  from space 13568K, 68% used [0x00000000f96d0000,0x00000000f9fe2930,0x00000000fa410000)
  to   space 14912K, 0% used [0x00000000f86f0000,0x00000000f86f0000,0x00000000f9580000)
 ParOldGen       total 130688K, used 15032K [0x00000000e0c00000, 0x00000000e8ba0000, 0x00000000f5960000)
  object space 130688K, 11% used [0x00000000e0c00000,0x00000000e1aae378,0x00000000e8ba0000)
 PSPermGen       total 27776K, used 27631K [0x00000000dba00000, 0x00000000dd520000, 0x00000000e0c00000)
  object space 27776K, 99% used [0x00000000dba00000,0x00000000dd4fbe00,0x00000000dd520000)
}
Event: 3286.360 GC heap before
{Heap before GC invocations=7 (full 0):
 PSYoungGen      total 60224K, used 55566K [0x00000000f5960000, 0x00000000fa410000, 0x0000000100000000)
  eden space 46656K, 99% used [0x00000000f5960000,0x00000000f8691230,0x00000000f86f0000)
  from space 13568K, 68% used [0x00000000f96d0000,0x00000000f9fe2930,0x00000000fa410000)
  to   space 14912K, 0% used [0x00000000f86f0000,0x00000000f86f0000,0x00000000f9580000)
 ParOldGen       total 130688K, used 15032K [0x00000000e0c00000, 0x00000000e8ba0000, 0x00000000f5960000)
  object space 130688K, 11% used [0x00000000e0c00000,0x00000000e1aae378,0x00000000e8ba0000)
 PSPermGen       total 27776K, used 27702K [0x00000000dba00000, 0x00000000dd520000, 0x00000000e0c00000)
  object space 27776K, 99% used [0x00000000dba00000,0x00000000dd50db60,0x00000000dd520000)
Event: 3286.376 GC heap after
Heap after GC invocations=7 (full 0):
 PSYoungGen      total 60480K, used 2520K [0x00000000f5960000, 0x00000000fa580000, 0x0000000100000000)
  eden space 45568K, 0% used [0x00000000f5960000,0x00000000f5960000,0x00000000f85e0000)
  from space 14912K, 16% used [0x00000000f86f0000,0x00000000f8966010,0x00000000f9580000)
  to   space 16192K, 0% used [0x00000000f95b0000,0x00000000f95b0000,0x00000000fa580000)
 ParOldGen       total 130688K, used 22561K [0x00000000e0c00000, 0x00000000e8ba0000, 0x00000000f5960000)
  object space 130688K, 17% used [0x00000000e0c00000,0x00000000e2208758,0x00000000e8ba0000)
 PSPermGen       total 27776K, used 27702K [0x00000000dba00000, 0x00000000dd520000, 0x00000000e0c00000)
  object space 27776K, 99% used [0x00000000dba00000,0x00000000dd50db60,0x00000000dd520000)
}
Event: 3321.641 GC heap before
{Heap before GC invocations=8 (full 0):
 PSYoungGen      total 60480K, used 47497K [0x00000000f5960000, 0x00000000fa580000, 0x0000000100000000)
  eden space 45568K, 98% used [0x00000000f5960000,0x00000000f854c488,0x00000000f85e0000)
  from space 14912K, 16% used [0x00000000f86f0000,0x00000000f8966010,0x00000000f9580000)
  to   space 16192K, 0% used [0x00000000f95b0000,0x00000000f95b0000,0x00000000fa580000)
 ParOldGen       total 130688K, used 22561K [0x00000000e0c00000, 0x00000000e8ba0000, 0x00000000f5960000)
  object space 130688K, 17% used [0x00000000e0c00000,0x00000000e2208758,0x00000000e8ba0000)
 PSPermGen       total 27968K, used 27779K [0x00000000dba00000, 0x00000000dd550000, 0x00000000e0c00000)
  object space 27968K, 99% used [0x00000000dba00000,0x00000000dd520de0,0x00000000dd550000)
Event: 3321.644 GC heap after
Heap after GC invocations=8 (full 0):
 PSYoungGen      total 60224K, used 4200K [0x00000000f5960000, 0x00000000fa510000, 0x0000000100000000)
  eden space 44480K, 0% used [0x00000000f5960000,0x00000000f5960000,0x00000000f84d0000)
  from space 15744K, 26% used [0x00000000f95b0000,0x00000000f99ca020,0x00000000fa510000)
  to   space 16512K, 0% used [0x00000000f84d0000,0x00000000f84d0000,0x00000000f94f0000)
 ParOldGen       total 130688K, used 23131K [0x00000000e0c00000, 0x00000000e8ba0000, 0x00000000f5960000)
  object space 130688K, 17% used [0x00000000e0c00000,0x00000000e2296c40,0x00000000e8ba0000)
 PSPermGen       total 27968K, used 27779K [0x00000000dba00000, 0x00000000dd550000, 0x00000000e0c00000)
  object space 27968K, 99% used [0x00000000dba00000,0x00000000dd520de0,0x00000000dd550000)
}

Deoptimization events (10 events):
Event: 3294.306 Thread 0x000000000cb50800 Uncommon trap -58 fr.pc 0x0000000002b45e6c
Event: 3294.306 Thread 0x000000000cb55800 Uncommon trap -58 fr.pc 0x0000000002b45e6c
Event: 3294.306 Thread 0x000000000cb4f000 Uncommon trap -58 fr.pc 0x0000000002b45e6c
Event: 3294.306 Thread 0x000000000cb55000 Uncommon trap -58 fr.pc 0x0000000002b45e6c
Event: 3294.306 Thread 0x000000000cb51000 Uncommon trap -58 fr.pc 0x0000000002b45e6c
Event: 3294.306 Thread 0x000000000cb4f800 Uncommon trap -58 fr.pc 0x0000000002b45e6c
Event: 3294.306 Thread 0x000000000cb55800 Uncommon trap -58 fr.pc 0x0000000002caa7fc
Event: 3294.306 Thread 0x000000000cb50800 Uncommon trap -58 fr.pc 0x0000000002caa7fc
Event: 3294.306 Thread 0x000000000cb4f000 Uncommon trap -58 fr.pc 0x0000000002caa7fc
Event: 3321.440 Thread 0x000000000cb54000 Uncommon trap -83 fr.pc 0x0000000002d30eb0

Internal exceptions (10 events):
Event: 3320.954 Thread 0x000000000cb52800 Threw 0x00000000f73138f0 at C:\jdk7u1_64p\jdk7u11\hotspot\src\share\vm\prims\jni.cpp:716
Event: 3320.954 Thread 0x000000000cb54000 Threw 0x00000000f72b7b68 at C:\jdk7u1_64p\jdk7u11\hotspot\src\share\vm\prims\jni.cpp:716
Event: 3320.980 Thread 0x000000000cb52800 Threw 0x00000000f73e0b20 at C:\jdk7u1_64p\jdk7u11\hotspot\src\share\vm\prims\jni.cpp:716
Event: 3321.071 Thread 0x000000000cb54000 Threw 0x00000000f74b90f8 at C:\jdk7u1_64p\jdk7u11\hotspot\src\share\vm\prims\jni.cpp:716
Event: 3321.440 Thread 0x000000000cb4f000 Threw 0x00000000f7946cb8 at C:\jdk7u1_64p\jdk7u11\hotspot\src\share\vm\prims\jni.cpp:716
Event: 3321.441 Thread 0x000000000cb52800 Threw 0x00000000f7987070 at C:\jdk7u1_64p\jdk7u11\hotspot\src\share\vm\prims\jni.cpp:716
Event: 3321.442 Thread 0x000000000cb53800 Threw 0x00000000f796a098 at C:\jdk7u1_64p\jdk7u11\hotspot\src\share\vm\prims\jni.cpp:716
Event: 3321.442 Thread 0x000000000cb50800 Threw 0x00000000f79a3d58 at C:\jdk7u1_64p\jdk7u11\hotspot\src\share\vm\prims\jni.cpp:716
Event: 3321.739 Thread 0x000000000cb50800 Threw 0x00000000f61cd240 at C:\jdk7u1_64p\jdk7u11\hotspot\src\share\vm\prims\jni.cpp:716
Event: 3321.739 Thread 0x000000000cb52800 Threw 0x00000000f61da8d8 at C:\jdk7u1_64p\jdk7u11\hotspot\src\share\vm\prims\jni.cpp:716

Events (10 events):
Event: 3320.847 loading class 0x000000000c0dedf0
Event: 3320.847 loading class 0x000000000c0dedf0 done
Event: 3320.847 loading class 0x000000000c0dedf0
Event: 3320.847 loading class 0x000000000c0dedf0 done
Event: 3320.848 loading class 0x000000000c0dedf0
Event: 3320.848 loading class 0x000000000c0dedf0 done
Event: 3321.440 Thread 0x000000000cb54000 DEOPT PACKING pc=0x0000000002d30eb0 sp=0x000000000efc64e0
Event: 3321.440 Thread 0x000000000cb54000 DEOPT UNPACKING pc=0x0000000002aa9164 sp=0x000000000efc6488 mode 2
Event: 3321.641 Executing VM operation: ParallelGCFailedAllocation
Event: 3321.644 Executing VM operation: ParallelGCFailedAllocation done


Dynamic libraries:
0x000007f666ce0000 - 0x000007f666d13000 	C:\Program Files\Java\jdk1.7.0_11\jre\bin\java.exe
0x000007fc1cdd0000 - 0x000007fc1cf8e000 	C:\Windows\SYSTEM32\ntdll.dll
0x000007fc1b3c0000 - 0x000007fc1b4f6000 	C:\Windows\system32\KERNEL32.DLL
0x000007fc1a140000 - 0x000007fc1a233000 	C:\Windows\system32\KERNELBASE.dll
0x000007fc1b770000 - 0x000007fc1b84e000 	C:\Windows\system32\ADVAPI32.dll
0x000007fc1a240000 - 0x000007fc1a38c000 	C:\Windows\system32\USER32.dll
0x000007fc17320000 - 0x000007fc17589000 	C:\Windows\WinSxS\amd64_microsoft.windows.common-controls_6595b64144ccf1df_6.0.9200.16384_none_418c2a697189c07f\COMCTL32.dll
0x000007fc1ac40000 - 0x000007fc1ace5000 	C:\Windows\system32\msvcrt.dll
0x000007fc1b850000 - 0x000007fc1b898000 	C:\Windows\SYSTEM32\sechost.dll
0x000007fc1adc0000 - 0x000007fc1af00000 	C:\Windows\system32\RPCRT4.dll
0x000007fc1ab00000 - 0x000007fc1ac40000 	C:\Windows\system32\GDI32.dll
0x000007fc1b260000 - 0x000007fc1b299000 	C:\Windows\system32\IMM32.DLL
0x000007fc1b140000 - 0x000007fc1b254000 	C:\Windows\system32\MSCTF.dll
0x00000000773f0000 - 0x00000000774c1000 	C:\Program Files\Java\jdk1.7.0_11\jre\bin\msvcr100.dll
0x0000000076cd0000 - 0x00000000773ef000 	C:\Program Files\Java\jdk1.7.0_11\jre\bin\server\jvm.dll
0x000007fc0eeb0000 - 0x000007fc0eeb9000 	C:\Windows\SYSTEM32\WSOCK32.dll
0x000007fc0cfa0000 - 0x000007fc0cfc0000 	C:\Windows\SYSTEM32\WINMM.dll
0x000007fc1b3a0000 - 0x000007fc1b3a7000 	C:\Windows\system32\PSAPI.DLL
0x000007fc1b500000 - 0x000007fc1b558000 	C:\Windows\system32\WS2_32.dll
0x000007fc0cf60000 - 0x000007fc0cf92000 	C:\Windows\SYSTEM32\WINMMBASE.dll
0x000007fc1a3e0000 - 0x000007fc1a3e9000 	C:\Windows\system32\NSI.dll
0x0000000076cc0000 - 0x0000000076ccf000 	C:\Program Files\Java\jdk1.7.0_11\jre\bin\verify.dll
0x0000000076c90000 - 0x0000000076cb8000 	C:\Program Files\Java\jdk1.7.0_11\jre\bin\java.dll
0x0000000076c70000 - 0x0000000076c85000 	C:\Program Files\Java\jdk1.7.0_11\jre\bin\zip.dll
0x000007fc19690000 - 0x000007fc196aa000 	C:\Windows\SYSTEM32\CRYPTSP.dll
0x000007fc192c0000 - 0x000007fc19309000 	C:\Windows\system32\rsaenh.dll
0x000007fc193c0000 - 0x000007fc193df000 	C:\Windows\SYSTEM32\USERENV.dll
0x000007fc19d00000 - 0x000007fc19d15000 	C:\Windows\SYSTEM32\profapi.dll
0x000007fc19c20000 - 0x000007fc19c2a000 	C:\Windows\SYSTEM32\CRYPTBASE.dll
0x000007fc19bc0000 - 0x000007fc19c1c000 	C:\Windows\SYSTEM32\bcryptPrimitives.dll
0x0000000076c50000 - 0x0000000076c69000 	C:\Program Files\Java\jdk1.7.0_11\jre\bin\net.dll
0x000007fc19630000 - 0x000007fc1968c000 	C:\Windows\system32\mswsock.dll
0x000007fc12c30000 - 0x000007fc12c44000 	C:\Windows\system32\napinsp.dll
0x000007fc12a00000 - 0x000007fc12a18000 	C:\Windows\system32\pnrpnsp.dll
0x000007fc18850000 - 0x000007fc18866000 	C:\Windows\system32\NLAapi.dll
0x000007fc19470000 - 0x000007fc19508000 	C:\Windows\SYSTEM32\DNSAPI.dll
0x000007fc129e0000 - 0x000007fc129f2000 	C:\Windows\System32\winrnr.dll
0x0000000077f40000 - 0x0000000077f66000 	C:\Program Files\Bonjour\mdnsNSP.dll
0x000007fc17040000 - 0x000007fc1706a000 	C:\Windows\SYSTEM32\Iphlpapi.DLL
0x000007fc17e80000 - 0x000007fc17e8a000 	C:\Windows\SYSTEM32\WINNSI.DLL
0x000007fc142c0000 - 0x000007fc142c8000 	C:\Windows\System32\rasadhlp.dll
0x000007fc14bf0000 - 0x000007fc14c4f000 	C:\Windows\System32\fwpuclnt.dll
0x0000000076c30000 - 0x0000000076c41000 	C:\Program Files\Java\jdk1.7.0_11\jre\bin\nio.dll
0x000000006e4c0000 - 0x000000006e4df000 	C:\jruby-1.7.2\lib\native\x86_64-Windows\jffi-1.2.dll

VM Arguments:
jvm_args: -Djdk.home=C:\Program Files\Java\jdk1.7.0_11 -Djruby.home=c:\jruby-1.7.2 -Djruby.script=jruby -Djruby.shell=cmd.exe -Djffi.boot.library.path=c:\jruby-1.7.2\lib\native\i386-Windows;c:\jruby-1.7.2\lib\native\x86_64-Windows -Xmx500m -Xss2048k -Xbootclasspath/a:c:\jruby-1.7.2\lib\jruby.jar 
java_command: org/jruby/Main server.rb
Launcher Type: SUN_STANDARD

Environment Variables:



---------------  S Y S T E M  ---------------

OS: Windows 8 , 64 bit Build 9200 

CPU:total 8 (4 cores per cpu, 2 threads per core) family 6 model 30 stepping 5, cmov, cx8, fxsr, mmx, sse, sse2, sse3, ssse3, sse4.1, sse4.2, popcnt, ht, tsc, tscinvbit

Memory: 4k page, physical 12541008k(8012508k free), swap 12541008k(4824k free)

vm_info: Java HotSpot(TM) 64-Bit Server VM (23.6-b04) for windows-amd64 JRE (1.7.0_11-b21), built on Jan 12 2013 02:38:42 by "java_re" with unknown MS VC++:1600

time: Fri May 10 11:06:40 2013
elapsed time: 3327 seconds

